TN:
SF:C:\Users\User\Desktop\web_lab\airlin\src\polyfills.ts
FNF:0
FNH:0
LF:0
LH:0
BRF:0
BRH:0
end_of_record
TN:
SF:C:\Users\User\Desktop\web_lab\airlin\src\test.ts
FNF:0
FNH:0
DA:18,1
DA:23,1
DA:25,1
LF:3
LH:3
BRF:0
BRH:0
end_of_record
TN:
SF:C:\Users\User\Desktop\web_lab\airlin\src\app\app.component.ts
FN:8,(anonymous_0)
FNF:1
FNH:1
FNDA:2,(anonymous_0)
DA:8,1
DA:9,2
LF:2
LH:2
BRF:0
BRH:0
end_of_record
TN:
SF:C:\Users\User\Desktop\web_lab\airlin\src\app\token.service.ts
FN:13,(anonymous_0)
FN:15,(anonymous_1)
FN:20,(anonymous_2)
FN:30,(anonymous_3)
FN:40,(anonymous_4)
FN:47,(anonymous_5)
FN:50,(anonymous_6)
FNF:7
FNH:6
FNDA:18,(anonymous_0)
FNDA:1,(anonymous_1)
FNDA:1,(anonymous_2)
FNDA:1,(anonymous_3)
FNDA:1,(anonymous_4)
FNDA:7,(anonymous_5)
FNDA:0,(anonymous_6)
DA:9,1
DA:11,18
DA:13,18
DA:16,1
DA:17,1
DA:21,1
DA:22,1
DA:24,1
DA:25,1
DA:31,1
DA:32,1
DA:34,1
DA:35,1
DA:41,1
DA:42,1
DA:43,1
DA:48,7
DA:51,0
LF:18
LH:17
BRDA:42,0,0,1
BRDA:42,0,1,0
BRF:2
BRH:1
end_of_record
TN:
SF:C:\Users\User\Desktop\web_lab\airlin\src\app\home\home.component.ts
FN:16,(anonymous_0)
FN:35,(anonymous_1)
FN:38,(anonymous_2)
FN:40,(anonymous_3)
FN:21,(anonymous_4)
FN:29,(anonymous_5)
FNF:6
FNH:3
FNDA:1,(anonymous_0)
FNDA:0,(anonymous_1)
FNDA:0,(anonymous_2)
FNDA:0,(anonymous_3)
FNDA:1,(anonymous_4)
FNDA:1,(anonymous_5)
DA:13,1
DA:16,1
DA:17,1
DA:18,1
DA:22,1
DA:23,1
DA:35,1
DA:36,0
DA:37,0
DA:41,0
DA:44,0
LF:11
LH:7
BRF:0
BRH:0
end_of_record
TN:
SF:C:\Users\User\Desktop\web_lab\airlin\src\app\home\home.service.ts
FN:16,(anonymous_0)
FN:18,(anonymous_1)
FNF:2
FNH:2
FNDA:3,(anonymous_0)
FNDA:1,(anonymous_1)
DA:10,1
DA:11,3
DA:13,3
DA:16,3
DA:19,1
DA:20,1
LF:6
LH:6
BRF:0
BRH:0
end_of_record
TN:
SF:C:\Users\User\Desktop\web_lab\airlin\src\app\item-news\item-news.component.ts
FN:26,(anonymous_0)
FN:38,(anonymous_1)
FN:40,(anonymous_2)
FN:44,(anonymous_3)
FN:22,(anonymous_4)
FN:31,(anonymous_5)
FNF:6
FNH:4
FNDA:1,(anonymous_0)
FNDA:1,(anonymous_1)
FNDA:0,(anonymous_2)
FNDA:0,(anonymous_3)
FNDA:1,(anonymous_4)
FNDA:1,(anonymous_5)
DA:17,1
DA:18,1
DA:26,1
DA:27,1
DA:28,1
DA:29,1
DA:38,1
DA:39,1
DA:41,0
DA:42,0
DA:45,0
DA:48,1
LF:12
LH:9
BRF:0
BRH:0
end_of_record
TN:
SF:C:\Users\User\Desktop\web_lab\airlin\src\app\item-news\item-news.service.ts
FN:14,(anonymous_0)
FN:16,(anonymous_1)
FNF:2
FNH:2
FNDA:3,(anonymous_0)
FNDA:2,(anonymous_1)
DA:8,1
DA:10,3
DA:12,3
DA:14,3
DA:17,2
LF:5
LH:5
BRF:0
BRH:0
end_of_record
TN:
SF:C:\Users\User\Desktop\web_lab\airlin\src\app\login\login.component.ts
FN:26,(anonymous_0)
FN:29,(anonymous_1)
FN:39,(anonymous_2)
FN:52,(anonymous_3)
FNF:4
FNH:4
FNDA:2,(anonymous_0)
FNDA:2,(anonymous_1)
FNDA:2,(anonymous_2)
FNDA:1,(anonymous_3)
DA:16,1
DA:21,1
DA:26,2
DA:27,2
DA:30,2
DA:40,2
DA:41,2
DA:43,2
DA:53,1
DA:57,1
LF:10
LH:10
BRF:0
BRH:0
end_of_record
TN:
SF:C:\Users\User\Desktop\web_lab\airlin\src\app\login\login.service.ts
FN:14,(anonymous_0)
FN:17,(anonymous_1)
FNF:2
FNH:2
FNDA:4,(anonymous_0)
FNDA:2,(anonymous_1)
DA:9,1
DA:10,4
DA:12,4
DA:14,4
DA:18,2
DA:19,2
DA:21,2
LF:7
LH:7
BRF:0
BRH:0
end_of_record
TN:
SF:C:\Users\User\Desktop\web_lab\airlin\src\app\login\loginService.ts
FN:3,loginUser
FN:4,(anonymous_1)
FN:6,(anonymous_2)
FN:11,(anonymous_3)
FNF:4
FNH:2
FNDA:1,loginUser
FNDA:1,(anonymous_1)
FNDA:0,(anonymous_2)
FNDA:0,(anonymous_3)
DA:4,1
DA:5,1
DA:7,0
DA:8,0
DA:9,0
DA:13,0
LF:6
LH:2
BRF:0
BRH:0
end_of_record
TN:
SF:C:\Users\User\Desktop\web_lab\airlin\src\app\my-ticket\my-ticket.component.ts
FN:15,(anonymous_0)
FN:32,(anonymous_1)
FN:34,(anonymous_2)
FN:37,(anonymous_3)
FN:43,(anonymous_4)
FN:46,(anonymous_5)
FN:50,(anonymous_6)
FN:20,(anonymous_7)
FN:24,(anonymous_8)
FNF:9
FNH:5
FNDA:2,(anonymous_0)
FNDA:2,(anonymous_1)
FNDA:0,(anonymous_2)
FNDA:0,(anonymous_3)
FNDA:1,(anonymous_4)
FNDA:0,(anonymous_5)
FNDA:0,(anonymous_6)
FNDA:2,(anonymous_7)
FNDA:2,(anonymous_8)
DA:13,1
DA:15,2
DA:16,2
DA:17,2
DA:30,2
DA:32,2
DA:33,2
DA:35,0
DA:38,0
DA:43,2
DA:44,1
DA:47,0
DA:48,0
DA:51,0
LF:14
LH:9
BRF:0
BRH:0
end_of_record
TN:
SF:C:\Users\User\Desktop\web_lab\airlin\src\app\my-ticket\my-ticket.service.ts
FN:16,(anonymous_0)
FN:18,(anonymous_1)
FN:22,(anonymous_2)
FNF:3
FNH:3
FNDA:4,(anonymous_0)
FNDA:2,(anonymous_1)
FNDA:2,(anonymous_2)
DA:9,1
DA:11,4
DA:13,4
DA:16,4
DA:19,2
DA:23,2
LF:6
LH:6
BRF:0
BRH:0
end_of_record
TN:
SF:C:\Users\User\Desktop\web_lab\airlin\src\app\news\news.component.ts
FN:17,(anonymous_0)
FN:37,(anonymous_1)
FN:39,(anonymous_2)
FN:42,(anonymous_3)
FN:22,(anonymous_4)
FN:27,(anonymous_5)
FN:29,(anonymous_6)
FNF:7
FNH:4
FNDA:1,(anonymous_0)
FNDA:1,(anonymous_1)
FNDA:0,(anonymous_2)
FNDA:0,(anonymous_3)
FNDA:1,(anonymous_4)
FNDA:1,(anonymous_5)
FNDA:0,(anonymous_6)
DA:13,1
DA:15,1
DA:17,1
DA:18,1
DA:19,1
DA:29,1
DA:30,0
DA:31,0
DA:35,1
DA:37,1
DA:38,1
DA:40,0
DA:43,0
LF:13
LH:9
BRF:0
BRH:0
end_of_record
TN:
SF:C:\Users\User\Desktop\web_lab\airlin\src\app\news\news.service.ts
FN:15,(anonymous_0)
FN:17,(anonymous_1)
FNF:2
FNH:2
FNDA:5,(anonymous_0)
FNDA:5,(anonymous_1)
DA:9,1
DA:11,5
DA:13,5
DA:15,5
DA:18,5
LF:5
LH:5
BRF:0
BRH:0
end_of_record
TN:
SF:C:\Users\User\Desktop\web_lab\airlin\src\app\register\register.component.ts
FN:26,(anonymous_0)
FN:29,(anonymous_1)
FN:35,(anonymous_2)
FN:52,(anonymous_3)
FNF:4
FNH:4
FNDA:2,(anonymous_0)
FNDA:2,(anonymous_1)
FNDA:2,(anonymous_2)
FNDA:1,(anonymous_3)
DA:16,1
DA:19,1
DA:26,2
DA:27,2
DA:30,2
DA:36,2
DA:37,2
DA:38,2
DA:39,2
DA:41,2
DA:53,1
DA:58,1
LF:12
LH:12
BRF:0
BRH:0
end_of_record
TN:
SF:C:\Users\User\Desktop\web_lab\airlin\src\app\register\register.service.ts
FN:14,(anonymous_0)
FN:17,(anonymous_1)
FNF:2
FNH:2
FNDA:4,(anonymous_0)
FNDA:2,(anonymous_1)
DA:9,1
DA:10,4
DA:12,4
DA:14,4
DA:18,2
DA:19,2
DA:21,2
LF:7
LH:7
BRF:0
BRH:0
end_of_record
TN:
SF:C:\Users\User\Desktop\web_lab\airlin\src\app\register\registrationService.ts
FN:1,registerNewUser
FN:2,(anonymous_1)
FN:4,(anonymous_2)
FN:9,(anonymous_3)
FNF:4
FNH:2
FNDA:1,registerNewUser
FNDA:1,(anonymous_1)
FNDA:0,(anonymous_2)
FNDA:0,(anonymous_3)
DA:2,1
DA:3,1
DA:5,0
DA:6,0
DA:7,0
DA:11,0
LF:6
LH:2
BRF:0
BRH:0
end_of_record
TN:
SF:C:\Users\User\Desktop\web_lab\airlin\src\app\services\ValidateServ.ts
FNF:0
FNH:0
LF:0
LH:0
BRF:0
BRH:0
end_of_record
